<?xml version="1.0" encoding="UTF-8"?>
<testsuite name="FizzBuzzTest" tests="5" skipped="0" failures="0" errors="0" timestamp="2021-12-10T15:26:24" hostname="lettera-desktop" time="0.048">
  <properties/>
  <testcase name="fizzBuzzesToOutputStream()" classname="FizzBuzzTest" time="0.036"/>
  <testcase name="numberToFizzBuzz()" classname="FizzBuzzTest" time="0.0"/>
  <testcase name="numberToBuzz()" classname="FizzBuzzTest" time="0.001"/>
  <testcase name="numberToFizz()" classname="FizzBuzzTest" time="0.001"/>
  <testcase name="numberToString()" classname="FizzBuzzTest" time="0.005"/>
  <system-out><![CDATA[]]></system-out>
  <system-err><![CDATA[]]></system-err>
</testsuite>
